#
# There is insufficient memory for the Java Runtime Environment to continue.
# Native memory allocation (mmap) failed to map 469762048 bytes. Error detail: G1 virtual space
# Possible reasons:
#   The system is out of physical RAM or swap space
#   This process is running with CompressedOops enabled, and the Java Heap may be blocking the growth of the native heap
# Possible solutions:
#   Reduce memory load on the system
#   Increase physical memory or swap space
#   Check if swap backing store is full
#   Decrease Java heap size (-Xmx/-Xms)
#   Decrease number of Java threads
#   Decrease Java thread stack sizes (-Xss)
#   Set larger code cache with -XX:ReservedCodeCacheSize=
#   JVM is running with Zero Based Compressed Oops mode in which the Java heap is
#     placed in the first 32GB address space. The Java Heap base address is the
#     maximum limit for the native heap growth. Please use -XX:HeapBaseMinAddress
#     to set the Java Heap base and to place the Java Heap above 32GB virtual address.
# This output file may be truncated or incomplete.
#
#  Out of Memory Error (os_windows.cpp:3713), pid=11808, tid=15612
#
# JRE version: OpenJDK Runtime Environment Corretto-21.0.9.10.1 (21.0.9+10) (build 21.0.9+10-LTS)
# Java VM: OpenJDK 64-Bit Server VM Corretto-21.0.9.10.1 (21.0.9+10-LTS, mixed mode, sharing, tiered, compressed oops, compressed class ptrs, g1 gc, windows-amd64)
# No core dump will be written. Minidumps are not enabled by default on client versions of Windows
#

---------------  S U M M A R Y ------------

Command Line: -Dclassworlds.conf=C:\Users\Usuario\.vscode\extensions\oracle.oracle-java-23.0.0\nbcode\java\maven\bin\m2.conf -Dmaven.home=C:\Users\Usuario\.vscode\extensions\oracle.oracle-java-23.0.0\nbcode\java\maven -Dlibrary.jansi.path=C:\Users\Usuario\.vscode\extensions\oracle.oracle-java-23.0.0\nbcode\java\maven\lib\jansi-native -Dmaven.multiModuleProjectDirectory=C:\Users\Usuario\Desktop\Umarket-APi-main org.codehaus.plexus.classworlds.launcher.Launcher -Dexec.vmArgs=-agentlib:jdwp=transport=dt_socket,server=n,address=65309 -Dfile.encoding=UTF-8 -Dexec.args=${exec.vmArgs} -classpath %classpath ${exec.mainClass} ${exec.appArgs} -Dexec.appArgs= -Dexec.mainClass=io.umarket.UmarketApplication -Dexec.executable=C:\Program Files\Amazon Corretto\jdk21.0.9_10\bin\java.exe -Djpda.listen=true -DskipTests=true -Djpda.address=65309 -Dmaven.ext.class.path=C:\Users\Usuario\.vscode\extensions\oracle.oracle-java-23.0.0\nbcode\java\maven-nblib\netbeans-eventspy.jar --no-transfer-progress process-classes org.codehaus.mojo:exec-maven-plugin:3.1.0:exec

Host: AMD Ryzen 5 2400G with Radeon Vega Graphics    , 8 cores, 13G,  Windows 10 , 64 bit Build 19041 (10.0.19041.5915)
Time: Sat Nov  1 23:45:45 2025 Hora est. Pacífico, Sudamérica elapsed time: 4.208537 seconds (0d 0h 0m 4s)

---------------  T H R E A D  ---------------

Current thread (0x00000270c650ce70):  VMThread "VM Thread"          [id=15612, stack(0x000000ad5e800000,0x000000ad5e900000) (1024K)]

Stack: [0x000000ad5e800000,0x000000ad5e900000]
Native frames: (J=compiled Java code, j=interpreted, Vv=VM code, C=native code)
V  [jvm.dll+0x6de6a9]
V  [jvm.dll+0x8bbdeb]
V  [jvm.dll+0x8be37a]
V  [jvm.dll+0x8bea53]
V  [jvm.dll+0x28a1d6]
V  [jvm.dll+0x6db005]
V  [jvm.dll+0x6cefba]
V  [jvm.dll+0x36498e]
V  [jvm.dll+0x36c85b]
V  [jvm.dll+0x3be1c9]
V  [jvm.dll+0x3be46b]
V  [jvm.dll+0x338b57]
V  [jvm.dll+0x338be7]
V  [jvm.dll+0x37d0cc]
V  [jvm.dll+0x37b8ae]
V  [jvm.dll+0x3382b1]
V  [jvm.dll+0x33bb26]
V  [jvm.dll+0x39002f]
V  [jvm.dll+0x8c47af]
V  [jvm.dll+0x8c5cbc]
V  [jvm.dll+0x8c6234]
V  [jvm.dll+0x8c6333]
V  [jvm.dll+0x865f4d]
V  [jvm.dll+0x6dcead]
C  [ucrtbase.dll+0x21bb2]
C  [KERNEL32.DLL+0x17374]
C  [ntdll.dll+0x4cc91]

VM_Operation (0x000000ad5e1fba60): CollectForMetadataAllocation, mode: safepoint, requested by thread 0x00000270a7b09960


---------------  P R O C E S S  ---------------

Threads class SMR info:
_java_thread_list=0x000002710d320b30, length=13, elements={
0x00000270a7b09960, 0x00000270c6525020, 0x00000270c65260e0, 0x00000270c652b810,
0x00000270c652d650, 0x00000270c652e9f0, 0x00000270c652fd90, 0x00000270c6534960,
0x00000270c6535ef0, 0x00000270c6677d50, 0x00000270c667d7e0, 0x000002710c2a6a60,
0x000002710d1c5870
}

Java Threads: ( => current thread )
  0x00000270a7b09960 JavaThread "main"                              [_thread_blocked, id=14408, stack(0x000000ad5e100000,0x000000ad5e200000) (1024K)]
  0x00000270c6525020 JavaThread "Reference Handler"          daemon [_thread_blocked, id=1312, stack(0x000000ad5e900000,0x000000ad5ea00000) (1024K)]
  0x00000270c65260e0 JavaThread "Finalizer"                  daemon [_thread_blocked, id=11236, stack(0x000000ad5ea00000,0x000000ad5eb00000) (1024K)]
  0x00000270c652b810 JavaThread "Signal Dispatcher"          daemon [_thread_blocked, id=14224, stack(0x000000ad5eb00000,0x000000ad5ec00000) (1024K)]
  0x00000270c652d650 JavaThread "Attach Listener"            daemon [_thread_blocked, id=9496, stack(0x000000ad5ec00000,0x000000ad5ed00000) (1024K)]
  0x00000270c652e9f0 JavaThread "Service Thread"             daemon [_thread_blocked, id=3600, stack(0x000000ad5ed00000,0x000000ad5ee00000) (1024K)]
  0x00000270c652fd90 JavaThread "Monitor Deflation Thread"   daemon [_thread_blocked, id=4452, stack(0x000000ad5ee00000,0x000000ad5ef00000) (1024K)]
  0x00000270c6534960 JavaThread "C2 CompilerThread0"         daemon [_thread_blocked, id=7856, stack(0x000000ad5ef00000,0x000000ad5f000000) (1024K)]
  0x00000270c6535ef0 JavaThread "C1 CompilerThread0"         daemon [_thread_blocked, id=10640, stack(0x000000ad5f000000,0x000000ad5f100000) (1024K)]
  0x00000270c6677d50 JavaThread "Notification Thread"        daemon [_thread_blocked, id=14488, stack(0x000000ad5f100000,0x000000ad5f200000) (1024K)]
  0x00000270c667d7e0 JavaThread "Common-Cleaner"             daemon [_thread_blocked, id=14256, stack(0x000000ad5f200000,0x000000ad5f300000) (1024K)]
  0x000002710c2a6a60 JavaThread "C2 CompilerThread1"         daemon [_thread_blocked, id=9188, stack(0x000000ad5f300000,0x000000ad5f400000) (1024K)]
  0x000002710d1c5870 JavaThread "C2 CompilerThread2"         daemon [_thread_blocked, id=14876, stack(0x000000ad5f400000,0x000000ad5f500000) (1024K)]
Total: 13

Other Threads:
=>0x00000270c650ce70 VMThread "VM Thread"                           [id=15612, stack(0x000000ad5e800000,0x000000ad5e900000) (1024K)]
  0x00000270c64fc030 WatcherThread "VM Periodic Task Thread"        [id=15872, stack(0x000000ad5e700000,0x000000ad5e800000) (1024K)]
  0x00000270a7b643f0 WorkerThread "GC Thread#0"                     [id=4256, stack(0x000000ad5e200000,0x000000ad5e300000) (1024K)]
  0x000002710c3c9080 WorkerThread "GC Thread#1"                     [id=4140, stack(0x000000ad5f500000,0x000000ad5f600000) (1024K)]
  0x000002710ce4c010 WorkerThread "GC Thread#2"                     [id=3916, stack(0x000000ad5f600000,0x000000ad5f700000) (1024K)]
  0x000002710ce4c3b0 WorkerThread "GC Thread#3"                     [id=16320, stack(0x000000ad5f700000,0x000000ad5f800000) (1024K)]
  0x000002710ccece60 WorkerThread "GC Thread#4"                     [id=5488, stack(0x000000ad5f800000,0x000000ad5f900000) (1024K)]
  0x000002710ced4d90 WorkerThread "GC Thread#5"                     [id=16368, stack(0x000000ad5f900000,0x000000ad5fa00000) (1024K)]
  0x000002710cdf0bd0 WorkerThread "GC Thread#6"                     [id=10152, stack(0x000000ad5fa00000,0x000000ad5fb00000) (1024K)]
  0x000002710d09c010 WorkerThread "GC Thread#7"                     [id=10472, stack(0x000000ad5fb00000,0x000000ad5fc00000) (1024K)]
  0x00000270a7b73360 ConcurrentGCThread "G1 Main Marker"            [id=16088, stack(0x000000ad5e300000,0x000000ad5e400000) (1024K)]
  0x00000270a7b74510 WorkerThread "G1 Conc#0"                       [id=13736, stack(0x000000ad5e400000,0x000000ad5e500000) (1024K)]
  0x00000270a7bce770 ConcurrentGCThread "G1 Refine#0"               [id=15748, stack(0x000000ad5e500000,0x000000ad5e600000) (1024K)]
  0x00000270c63cf3b0 ConcurrentGCThread "G1 Service"                [id=11460, stack(0x000000ad5e600000,0x000000ad5e700000) (1024K)]
Total: 14

Threads with active compile tasks:
C2 CompilerThread1  4225 5005   !   4       jdk.internal.loader.BuiltinClassLoader::loadClassOrNull (143 bytes)
Total: 1

VM state: at safepoint (normal execution)

VM Mutex/Monitor currently owned by a thread:  ([mutex/lock_event])
[0x00007ff97e215570] Threads_lock - owner thread: 0x00000270c650ce70
[0x00007ff97e215670] Heap_lock - owner thread: 0x00000270a7b09960

Heap address: 0x0000000721200000, size: 3566 MB, Compressed Oops mode: Zero based, Oop shift amount: 3

CDS archive(s) mapped at: [0x00000270c7000000-0x00000270c7c80000-0x00000270c7c80000), size 13107200, SharedBaseAddress: 0x00000270c7000000, ArchiveRelocationMode: 1.
Compressed class space mapped at: 0x00000270c8000000-0x0000027108000000, reserved size: 1073741824
Narrow klass base: 0x00000270c7000000, Narrow klass shift: 0, Narrow klass range: 0x100000000

GC Precious Log:
 CardTable entry size: 512
 Card Set container configuration: InlinePtr #cards 4 size 8 Array Of Cards #cards 16 size 48 Howl #buckets 8 coarsen threshold 3686 Howl Bitmap #cards 512 size 80 coarsen threshold 460 Card regions per heap region 1 cards per card region 4096
 CPUs: 8 total, 8 available
 Memory: 14258M
 Large Page Support: Disabled
 NUMA Support: Disabled
 Compressed Oops: Enabled (Zero based)
 Heap Region Size: 2M
 Heap Min Capacity: 8M
 Heap Initial Capacity: 224M
 Heap Max Capacity: 3566M
 Pre-touch: Disabled
 Parallel Workers: 8
 Concurrent Workers: 2
 Concurrent Refinement Workers: 8
 Periodic GC: Disabled

Heap:
 garbage-first heap   total 229376K, used 24282K [0x0000000721200000, 0x0000000800000000)
  region size 2048K, 8 young (16384K), 8 survivors (16384K)
 Metaspace       used 21223K, committed 21504K, reserved 1114112K
  class space    used 2495K, committed 2624K, reserved 1048576K

Heap Regions: E=young(eden), S=young(survivor), O=old, HS=humongous(starts), HC=humongous(continues), CS=collection set, F=free, TAMS=top-at-mark-start, PB=parsable bottom
|   0|0x0000000721200000, 0x0000000721400000, 0x0000000721400000|100%| O|  |TAMS 0x0000000721400000| PB 0x0000000721200000| Untracked 
|   1|0x0000000721400000, 0x0000000721600000, 0x0000000721600000|100%| O|  |TAMS 0x0000000721600000| PB 0x0000000721400000| Untracked 
|   2|0x0000000721600000, 0x0000000721600000, 0x0000000721800000|  0%| F|  |TAMS 0x0000000721600000| PB 0x0000000721600000| Untracked 
|   3|0x0000000721800000, 0x0000000721800000, 0x0000000721a00000|  0%| F|  |TAMS 0x0000000721800000| PB 0x0000000721800000| Untracked 
|   4|0x0000000721a00000, 0x0000000721a00000, 0x0000000721c00000|  0%| F|  |TAMS 0x0000000721a00000| PB 0x0000000721a00000| Untracked 
|   5|0x0000000721c00000, 0x0000000721c00000, 0x0000000721e00000|  0%| F|  |TAMS 0x0000000721c00000| PB 0x0000000721c00000| Untracked 
|   6|0x0000000721e00000, 0x0000000721e00000, 0x0000000722000000|  0%| F|  |TAMS 0x0000000721e00000| PB 0x0000000721e00000| Untracked 
|   7|0x0000000722000000, 0x0000000722000000, 0x0000000722200000|  0%| F|  |TAMS 0x0000000722000000| PB 0x0000000722000000| Untracked 
|   8|0x0000000722200000, 0x0000000722200000, 0x0000000722400000|  0%| F|  |TAMS 0x0000000722200000| PB 0x0000000722200000| Untracked 
|   9|0x0000000722400000, 0x0000000722400000, 0x0000000722600000|  0%| F|  |TAMS 0x0000000722400000| PB 0x0000000722400000| Untracked 
|  10|0x0000000722600000, 0x0000000722600000, 0x0000000722800000|  0%| F|  |TAMS 0x0000000722600000| PB 0x0000000722600000| Untracked 
|  11|0x0000000722800000, 0x0000000722800000, 0x0000000722a00000|  0%| F|  |TAMS 0x0000000722800000| PB 0x0000000722800000| Untracked 
|  12|0x0000000722a00000, 0x0000000722a00000, 0x0000000722c00000|  0%| F|  |TAMS 0x0000000722a00000| PB 0x0000000722a00000| Untracked 
|  13|0x0000000722c00000, 0x0000000722c00000, 0x0000000722e00000|  0%| F|  |TAMS 0x0000000722c00000| PB 0x0000000722c00000| Untracked 
|  14|0x0000000722e00000, 0x0000000722e00000, 0x0000000723000000|  0%| F|  |TAMS 0x0000000722e00000| PB 0x0000000722e00000| Untracked 
|  15|0x0000000723000000, 0x0000000723000000, 0x0000000723200000|  0%| F|  |TAMS 0x0000000723000000| PB 0x0000000723000000| Untracked 
|  16|0x0000000723200000, 0x0000000723200000, 0x0000000723400000|  0%| F|  |TAMS 0x0000000723200000| PB 0x0000000723200000| Untracked 
|  17|0x0000000723400000, 0x0000000723400000, 0x0000000723600000|  0%| F|  |TAMS 0x0000000723400000| PB 0x0000000723400000| Untracked 
|  18|0x0000000723600000, 0x0000000723600000, 0x0000000723800000|  0%| F|  |TAMS 0x0000000723600000| PB 0x0000000723600000| Untracked 
|  19|0x0000000723800000, 0x0000000723800000, 0x0000000723a00000|  0%| F|  |TAMS 0x0000000723800000| PB 0x0000000723800000| Untracked 
|  20|0x0000000723a00000, 0x0000000723a00000, 0x0000000723c00000|  0%| F|  |TAMS 0x0000000723a00000| PB 0x0000000723a00000| Untracked 
|  21|0x0000000723c00000, 0x0000000723c00000, 0x0000000723e00000|  0%| F|  |TAMS 0x0000000723c00000| PB 0x0000000723c00000| Untracked 
|  22|0x0000000723e00000, 0x0000000723e00000, 0x0000000724000000|  0%| F|  |TAMS 0x0000000723e00000| PB 0x0000000723e00000| Untracked 
|  23|0x0000000724000000, 0x0000000724000000, 0x0000000724200000|  0%| F|  |TAMS 0x0000000724000000| PB 0x0000000724000000| Untracked 
|  24|0x0000000724200000, 0x0000000724400000, 0x0000000724400000|100%|HS|  |TAMS 0x0000000724400000| PB 0x0000000724200000| Complete 
|  25|0x0000000724400000, 0x0000000724600000, 0x0000000724600000|100%|HS|  |TAMS 0x0000000724600000| PB 0x0000000724400000| Complete 
|  26|0x0000000724600000, 0x0000000724600000, 0x0000000724800000|  0%| F|  |TAMS 0x0000000724600000| PB 0x0000000724600000| Untracked 
|  27|0x0000000724800000, 0x0000000724800000, 0x0000000724a00000|  0%| F|  |TAMS 0x0000000724800000| PB 0x0000000724800000| Untracked 
|  28|0x0000000724a00000, 0x0000000724a00000, 0x0000000724c00000|  0%| F|  |TAMS 0x0000000724a00000| PB 0x0000000724a00000| Untracked 
|  29|0x0000000724c00000, 0x0000000724c00000, 0x0000000724e00000|  0%| F|  |TAMS 0x0000000724c00000| PB 0x0000000724c00000| Untracked 
|  30|0x0000000724e00000, 0x0000000724e00000, 0x0000000725000000|  0%| F|  |TAMS 0x0000000724e00000| PB 0x0000000724e00000| Untracked 
|  31|0x0000000725000000, 0x0000000725000000, 0x0000000725200000|  0%| F|  |TAMS 0x0000000725000000| PB 0x0000000725000000| Untracked 
|  32|0x0000000725200000, 0x0000000725200000, 0x0000000725400000|  0%| F|  |TAMS 0x0000000725200000| PB 0x0000000725200000| Untracked 
|  33|0x0000000725400000, 0x0000000725400000, 0x0000000725600000|  0%| F|  |TAMS 0x0000000725400000| PB 0x0000000725400000| Untracked 
|  34|0x0000000725600000, 0x0000000725600000, 0x0000000725800000|  0%| F|  |TAMS 0x0000000725600000| PB 0x0000000725600000| Untracked 
|  35|0x0000000725800000, 0x0000000725800000, 0x0000000725a00000|  0%| F|  |TAMS 0x0000000725800000| PB 0x0000000725800000| Untracked 
|  36|0x0000000725a00000, 0x0000000725a00000, 0x0000000725c00000|  0%| F|  |TAMS 0x0000000725a00000| PB 0x0000000725a00000| Untracked 
|  37|0x0000000725c00000, 0x0000000725c00000, 0x0000000725e00000|  0%| F|  |TAMS 0x0000000725c00000| PB 0x0000000725c00000| Untracked 
|  38|0x0000000725e00000, 0x0000000725e00000, 0x0000000726000000|  0%| F|  |TAMS 0x0000000725e00000| PB 0x0000000725e00000| Untracked 
|  39|0x0000000726000000, 0x0000000726000000, 0x0000000726200000|  0%| F|  |TAMS 0x0000000726000000| PB 0x0000000726000000| Untracked 
|  40|0x0000000726200000, 0x0000000726200000, 0x0000000726400000|  0%| F|  |TAMS 0x0000000726200000| PB 0x0000000726200000| Untracked 
|  41|0x0000000726400000, 0x0000000726400000, 0x0000000726600000|  0%| F|  |TAMS 0x0000000726400000| PB 0x0000000726400000| Untracked 
|  42|0x0000000726600000, 0x0000000726600000, 0x0000000726800000|  0%| F|  |TAMS 0x0000000726600000| PB 0x0000000726600000| Untracked 
|  43|0x0000000726800000, 0x0000000726800000, 0x0000000726a00000|  0%| F|  |TAMS 0x0000000726800000| PB 0x0000000726800000| Untracked 
|  44|0x0000000726a00000, 0x0000000726a00000, 0x0000000726c00000|  0%| F|  |TAMS 0x0000000726a00000| PB 0x0000000726a00000| Untracked 
|  45|0x0000000726c00000, 0x0000000726c00000, 0x0000000726e00000|  0%| F|  |TAMS 0x0000000726c00000| PB 0x0000000726c00000| Untracked 
|  46|0x0000000726e00000, 0x0000000726e00000, 0x0000000727000000|  0%| F|  |TAMS 0x0000000726e00000| PB 0x0000000726e00000| Untracked 
|  47|0x0000000727000000, 0x0000000727000000, 0x0000000727200000|  0%| F|  |TAMS 0x0000000727000000| PB 0x0000000727000000| Untracked 
|  48|0x0000000727200000, 0x0000000727200000, 0x0000000727400000|  0%| F|  |TAMS 0x0000000727200000| PB 0x0000000727200000| Untracked 
|  49|0x0000000727400000, 0x0000000727400000, 0x0000000727600000|  0%| F|  |TAMS 0x0000000727400000| PB 0x0000000727400000| Untracked 
|  50|0x0000000727600000, 0x0000000727707c88, 0x0000000727800000| 51%| O|  |TAMS 0x0000000727707c88| PB 0x0000000727600000| Untracked 
|  51|0x0000000727800000, 0x0000000727800000, 0x0000000727a00000|  0%| F|  |TAMS 0x0000000727800000| PB 0x0000000727800000| Untracked 
|  52|0x0000000727a00000, 0x0000000727a00000, 0x0000000727c00000|  0%| F|  |TAMS 0x0000000727a00000| PB 0x0000000727a00000| Untracked 
|  53|0x0000000727c00000, 0x0000000727c00000, 0x0000000727e00000|  0%| F|  |TAMS 0x0000000727c00000| PB 0x0000000727c00000| Untracked 
|  54|0x0000000727e00000, 0x0000000727e00000, 0x0000000728000000|  0%| F|  |TAMS 0x0000000727e00000| PB 0x0000000727e00000| Untracked 
|  55|0x0000000728000000, 0x0000000728000000, 0x0000000728200000|  0%| F|  |TAMS 0x0000000728000000| PB 0x0000000728000000| Untracked 
|  56|0x0000000728200000, 0x0000000728200000, 0x0000000728400000|  0%| F|  |TAMS 0x0000000728200000| PB 0x0000000728200000| Untracked 
|  57|0x0000000728400000, 0x0000000728400000, 0x0000000728600000|  0%| F|  |TAMS 0x0000000728400000| PB 0x0000000728400000| Untracked 
|  58|0x0000000728600000, 0x0000000728600000, 0x0000000728800000|  0%| F|  |TAMS 0x0000000728600000| PB 0x0000000728600000| Untracked 
|  59|0x0000000728800000, 0x0000000728800000, 0x0000000728a00000|  0%| F|  |TAMS 0x0000000728800000| PB 0x0000000728800000| Untracked 
|  60|0x0000000728a00000, 0x0000000728a00000, 0x0000000728c00000|  0%| F|  |TAMS 0x0000000728a00000| PB 0x0000000728a00000| Untracked 
|  61|0x0000000728c00000, 0x0000000728c00000, 0x0000000728e00000|  0%| F|  |TAMS 0x0000000728c00000| PB 0x0000000728c00000| Untracked 
|  62|0x0000000728e00000, 0x0000000728e00000, 0x0000000729000000|  0%| F|  |TAMS 0x0000000728e00000| PB 0x0000000728e00000| Untracked 
|  63|0x0000000729000000, 0x0000000729000000, 0x0000000729200000|  0%| F|  |TAMS 0x0000000729000000| PB 0x0000000729000000| Untracked 
|  64|0x0000000729200000, 0x0000000729200000, 0x0000000729400000|  0%| F|  |TAMS 0x0000000729200000| PB 0x0000000729200000| Untracked 
|  65|0x0000000729400000, 0x0000000729400000, 0x0000000729600000|  0%| F|  |TAMS 0x0000000729400000| PB 0x0000000729400000| Untracked 
|  66|0x0000000729600000, 0x0000000729600000, 0x0000000729800000|  0%| F|  |TAMS 0x0000000729600000| PB 0x0000000729600000| Untracked 
|  67|0x0000000729800000, 0x0000000729800000, 0x0000000729a00000|  0%| F|  |TAMS 0x0000000729800000| PB 0x0000000729800000| Untracked 
|  68|0x0000000729a00000, 0x0000000729a00000, 0x0000000729c00000|  0%| F|  |TAMS 0x0000000729a00000| PB 0x0000000729a00000| Untracked 
|  69|0x0000000729c00000, 0x0000000729c00000, 0x0000000729e00000|  0%| F|  |TAMS 0x0000000729c00000| PB 0x0000000729c00000| Untracked 
|  70|0x0000000729e00000, 0x0000000729e00000, 0x000000072a000000|  0%| F|  |TAMS 0x0000000729e00000| PB 0x0000000729e00000| Untracked 
|  71|0x000000072a000000, 0x000000072a000000, 0x000000072a200000|  0%| F|  |TAMS 0x000000072a000000| PB 0x000000072a000000| Untracked 
|  72|0x000000072a200000, 0x000000072a200000, 0x000000072a400000|  0%| F|  |TAMS 0x000000072a200000| PB 0x000000072a200000| Untracked 
|  73|0x000000072a400000, 0x000000072a400000, 0x000000072a600000|  0%| F|  |TAMS 0x000000072a400000| PB 0x000000072a400000| Untracked 
|  74|0x000000072a600000, 0x000000072a600000, 0x000000072a800000|  0%| F|  |TAMS 0x000000072a600000| PB 0x000000072a600000| Untracked 
|  75|0x000000072a800000, 0x000000072a800000, 0x000000072aa00000|  0%| F|  |TAMS 0x000000072a800000| PB 0x000000072a800000| Untracked 
|  76|0x000000072aa00000, 0x000000072aa00000, 0x000000072ac00000|  0%| F|  |TAMS 0x000000072aa00000| PB 0x000000072aa00000| Untracked 
|  77|0x000000072ac00000, 0x000000072ac00000, 0x000000072ae00000|  0%| F|  |TAMS 0x000000072ac00000| PB 0x000000072ac00000| Untracked 
|  78|0x000000072ae00000, 0x000000072ae00000, 0x000000072b000000|  0%| F|  |TAMS 0x000000072ae00000| PB 0x000000072ae00000| Untracked 
|  79|0x000000072b000000, 0x000000072b000000, 0x000000072b200000|  0%| F|  |TAMS 0x000000072b000000| PB 0x000000072b000000| Untracked 
|  80|0x000000072b200000, 0x000000072b200000, 0x000000072b400000|  0%| F|  |TAMS 0x000000072b200000| PB 0x000000072b200000| Untracked 
|  81|0x000000072b400000, 0x000000072b400000, 0x000000072b600000|  0%| F|  |TAMS 0x000000072b400000| PB 0x000000072b400000| Untracked 
|  82|0x000000072b600000, 0x000000072b600000, 0x000000072b800000|  0%| F|  |TAMS 0x000000072b600000| PB 0x000000072b600000| Untracked 
|  83|0x000000072b800000, 0x000000072b800000, 0x000000072ba00000|  0%| F|  |TAMS 0x000000072b800000| PB 0x000000072b800000| Untracked 
|  84|0x000000072ba00000, 0x000000072baaeea0, 0x000000072bc00000| 34%| S|CS|TAMS 0x000000072ba00000| PB 0x000000072ba00000| Complete 
|  85|0x000000072bc00000, 0x000000072be00000, 0x000000072be00000|100%| S|CS|TAMS 0x000000072bc00000| PB 0x000000072bc00000| Complete 
|  86|0x000000072be00000, 0x000000072c000000, 0x000000072c000000|100%| S|CS|TAMS 0x000000072be00000| PB 0x000000072be00000| Complete 
|  87|0x000000072c000000, 0x000000072c200000, 0x000000072c200000|100%| S|CS|TAMS 0x000000072c000000| PB 0x000000072c000000| Complete 
|  88|0x000000072c200000, 0x000000072c400000, 0x000000072c400000|100%| S|CS|TAMS 0x000000072c200000| PB 0x000000072c200000| Complete 
|  89|0x000000072c400000, 0x000000072c600000, 0x000000072c600000|100%| S|CS|TAMS 0x000000072c400000| PB 0x000000072c400000| Complete 
|  90|0x000000072c600000, 0x000000072c800000, 0x000000072c800000|100%| S|CS|TAMS 0x000000072c600000| PB 0x000000072c600000| Complete 
|  91|0x000000072c800000, 0x000000072ca00000, 0x000000072ca00000|100%| S|CS|TAMS 0x000000072c800000| PB 0x000000072c800000| Complete 
|  92|0x000000072ca00000, 0x000000072ca00000, 0x000000072cc00000|  0%| F|  |TAMS 0x000000072ca00000| PB 0x000000072ca00000| Untracked 
|  93|0x000000072cc00000, 0x000000072cc00000, 0x000000072ce00000|  0%| F|  |TAMS 0x000000072cc00000| PB 0x000000072cc00000| Untracked 
|  94|0x000000072ce00000, 0x000000072ce00000, 0x000000072d000000|  0%| F|  |TAMS 0x000000072ce00000| PB 0x000000072ce00000| Untracked 
|  95|0x000000072d000000, 0x000000072d000000, 0x000000072d200000|  0%| F|  |TAMS 0x000000072d000000| PB 0x000000072d000000| Untracked 
|  96|0x000000072d200000, 0x000000072d200000, 0x000000072d400000|  0%| F|  |TAMS 0x000000072d200000| PB 0x000000072d200000| Untracked 
|  97|0x000000072d400000, 0x000000072d400000, 0x000000072d600000|  0%| F|  |TAMS 0x000000072d400000| PB 0x000000072d400000| Untracked 
|  98|0x000000072d600000, 0x000000072d600000, 0x000000072d800000|  0%| F|  |TAMS 0x000000072d600000| PB 0x000000072d600000| Untracked 
|  99|0x000000072d800000, 0x000000072d800000, 0x000000072da00000|  0%| F|  |TAMS 0x000000072d800000| PB 0x000000072d800000| Untracked 
| 100|0x000000072da00000, 0x000000072da00000, 0x000000072dc00000|  0%| F|  |TAMS 0x000000072da00000| PB 0x000000072da00000| Untracked 
| 101|0x000000072dc00000, 0x000000072dc00000, 0x000000072de00000|  0%| F|  |TAMS 0x000000072dc00000| PB 0x000000072dc00000| Untracked 
| 102|0x000000072de00000, 0x000000072de00000, 0x000000072e000000|  0%| F|  |TAMS 0x000000072de00000| PB 0x000000072de00000| Untracked 
| 103|0x000000072e000000, 0x000000072e000000, 0x000000072e200000|  0%| F|  |TAMS 0x000000072e000000| PB 0x000000072e000000| Untracked 
| 104|0x000000072e200000, 0x000000072e200000, 0x000000072e400000|  0%| F|  |TAMS 0x000000072e200000| PB 0x000000072e200000| Untracked 
| 105|0x000000072e400000, 0x000000072e400000, 0x000000072e600000|  0%| F|  |TAMS 0x000000072e400000| PB 0x000000072e400000| Untracked 
| 106|0x000000072e600000, 0x000000072e600000, 0x000000072e800000|  0%| F|  |TAMS 0x000000072e600000| PB 0x000000072e600000| Untracked 
| 107|0x000000072e800000, 0x000000072e800000, 0x000000072ea00000|  0%| F|  |TAMS 0x000000072e800000| PB 0x000000072e800000| Untracked 
| 108|0x000000072ea00000, 0x000000072ea00000, 0x000000072ec00000|  0%| F|  |TAMS 0x000000072ea00000| PB 0x000000072ea00000| Untracked 
| 109|0x000000072ec00000, 0x000000072ec00000, 0x000000072ee00000|  0%| F|  |TAMS 0x000000072ec00000| PB 0x000000072ec00000| Untracked 
| 110|0x000000072ee00000, 0x000000072ee00000, 0x000000072f000000|  0%| F|  |TAMS 0x000000072ee00000| PB 0x000000072ee00000| Untracked 
| 111|0x000000072f000000, 0x000000072f000000, 0x000000072f200000|  0%| F|  |TAMS 0x000000072f000000| PB 0x000000072f000000| Untracked 

Card table byte_map: [0x00000270bfc50000,0x00000270c0350000] _byte_map_base: 0x00000270bc347000

Marking Bits: (CMBitMap*) 0x00000270a7b64a00
 Bits: [0x00000270c0350000, 0x00000270c3b08000)

Polling page: 0x00000270a72d0000

Metaspace:

Usage:
  Non-class:     18.29 MB used.
      Class:      2.44 MB used.
       Both:     20.73 MB used.

Virtual space:
  Non-class space:       64.00 MB reserved,      18.44 MB ( 29%) committed,  1 nodes.
      Class space:        1.00 GB reserved,       2.56 MB ( <1%) committed,  1 nodes.
             Both:        1.06 GB reserved,      21.00 MB (  2%) committed. 

Chunk freelists:
   Non-Class:  13.38 MB
       Class:  13.33 MB
        Both:  26.70 MB

MaxMetaspaceSize: unlimited
CompressedClassSpaceSize: 1.00 GB
Initial GC threshold: 21.00 MB
Current GC threshold: 21.00 MB
CDS: on
 - commit_granule_bytes: 65536.
 - commit_granule_words: 8192.
 - virtual_space_node_default_size: 8388608.
 - enlarge_chunks_in_place: 1.
 - use_allocation_guard: 0.


Internal statistics:

num_allocs_failed_limit: 3.
num_arena_births: 214.
num_arena_deaths: 0.
num_vsnodes_births: 2.
num_vsnodes_deaths: 0.
num_space_committed: 336.
num_space_uncommitted: 0.
num_chunks_returned_to_freelist: 3.
num_chunks_taken_from_freelist: 950.
num_chunk_merges: 3.
num_chunk_splits: 667.
num_chunks_enlarged: 533.
num_inconsistent_stats: 0.

CodeHeap 'non-profiled nmethods': size=120000Kb used=2776Kb max_used=2776Kb free=117223Kb
 bounds [0x00000270b7cf0000, 0x00000270b7fb0000, 0x00000270bf220000]
CodeHeap 'profiled nmethods': size=120000Kb used=10377Kb max_used=10377Kb free=109622Kb
 bounds [0x00000270b0220000, 0x00000270b0c50000, 0x00000270b7750000]
CodeHeap 'non-nmethods': size=5760Kb used=1356Kb max_used=1409Kb free=4403Kb
 bounds [0x00000270b7750000, 0x00000270b79c0000, 0x00000270b7cf0000]
CodeCache: size=245760Kb, used=14509Kb, max_used=14562Kb, free=231248Kb
 total_blobs=5531, nmethods=5015, adapters=420, full_count=0
Compilation: enabled, stopped_count=0, restarted_count=0

Compilation events (20 events):
Event: 4.182 Thread 0x00000270c6534960 nmethod 5007 0x00000270b7fa4b90 code [0x00000270b7fa4d20, 0x00000270b7fa4df0]
Event: 4.182 Thread 0x00000270c6535ef0 5008       3       jdk.internal.jimage.ImageLocation::decompress (116 bytes)
Event: 4.183 Thread 0x00000270c6535ef0 nmethod 5008 0x00000270b0c3c710 code [0x00000270b0c3c9a0, 0x00000270b0c3d428]
Event: 4.185 Thread 0x00000270c6535ef0 5009       3       jdk.internal.jimage.ImageReader::findLocation (14 bytes)
Event: 4.185 Thread 0x00000270c6535ef0 nmethod 5009 0x00000270b0c3d810 code [0x00000270b0c3d9e0, 0x00000270b0c3dd30]
Event: 4.185 Thread 0x00000270c6535ef0 5010       3       jdk.internal.jimage.BasicImageReader::findLocation (57 bytes)
Event: 4.186 Thread 0x00000270c6535ef0 nmethod 5010 0x00000270b0c3de90 code [0x00000270b0c3e100, 0x00000270b0c3eb88]
Event: 4.186 Thread 0x00000270c6535ef0 5011       3       jdk.internal.module.SystemModuleFinders$SystemModuleReader::read (25 bytes)
Event: 4.187 Thread 0x00000270c6535ef0 nmethod 5011 0x00000270b0c3ef10 code [0x00000270b0c3f160, 0x00000270b0c3f9b8]
Event: 4.187 Thread 0x00000270c6535ef0 5012       3       jdk.internal.module.SystemModuleFinders$SystemModuleReader::findImageLocation (42 bytes)
Event: 4.187 Thread 0x00000270c6535ef0 nmethod 5012 0x00000270b0c3fd10 code [0x00000270b0c3ff40, 0x00000270b0c405f0]
Event: 4.187 Thread 0x00000270c6535ef0 5013       3       jdk.internal.jimage.BasicImageReader::getAttributes (35 bytes)
Event: 4.187 Thread 0x00000270c6535ef0 nmethod 5013 0x00000270b0c40890 code [0x00000270b0c40a60, 0x00000270b0c40d08]
Event: 4.187 Thread 0x00000270c6535ef0 5014       3       jdk.internal.jimage.ImageLocation::verify (38 bytes)
Event: 4.187 Thread 0x00000270c6535ef0 nmethod 5014 0x00000270b0c40e10 code [0x00000270b0c41020, 0x00000270b0c415b8]
Event: 4.187 Thread 0x00000270c6535ef0 5015       3       java.nio.MappedByteBuffer::<init> (24 bytes)
Event: 4.188 Thread 0x00000270c6535ef0 nmethod 5015 0x00000270b0c41890 code [0x00000270b0c41a40, 0x00000270b0c41bf8]
Event: 4.188 Thread 0x00000270c6535ef0 5016       3       jdk.internal.module.SystemModuleFinders$SystemModuleReader::release (10 bytes)
Event: 4.188 Thread 0x00000270c6535ef0 nmethod 5016 0x00000270b0c41c90 code [0x00000270b0c41e80, 0x00000270b0c422f0]
Event: 4.194 Thread 0x000002710d1c5870 nmethod 5006 0x00000270b7fa4e90 code [0x00000270b7fa50e0, 0x00000270b7fa5cb0]

GC Heap History (15 events):
Event: 0.659 GC heap before
{Heap before GC invocations=0 (full 0):
 garbage-first heap   total 229376K, used 22528K [0x0000000721200000, 0x0000000800000000)
  region size 2048K, 11 young (22528K), 0 survivors (0K)
 Metaspace       used 5676K, committed 5824K, reserved 1114112K
  class space    used 669K, committed 768K, reserved 1048576K
}
Event: 0.664 GC heap after
{Heap after GC invocations=1 (full 0):
 garbage-first heap   total 229376K, used 3839K [0x0000000721200000, 0x0000000800000000)
  region size 2048K, 2 young (4096K), 2 survivors (4096K)
 Metaspace       used 5676K, committed 5824K, reserved 1114112K
  class space    used 669K, committed 768K, reserved 1048576K
}
Event: 1.341 GC heap before
{Heap before GC invocations=1 (full 0):
 garbage-first heap   total 229376K, used 36607K [0x0000000721200000, 0x0000000800000000)
  region size 2048K, 18 young (36864K), 2 survivors (4096K)
 Metaspace       used 9864K, committed 10048K, reserved 1114112K
  class space    used 1183K, committed 1280K, reserved 1048576K
}
Event: 1.346 GC heap after
{Heap after GC invocations=2 (full 0):
 garbage-first heap   total 229376K, used 5373K [0x0000000721200000, 0x0000000800000000)
  region size 2048K, 1 young (2048K), 1 survivors (2048K)
 Metaspace       used 9864K, committed 10048K, reserved 1114112K
  class space    used 1183K, committed 1280K, reserved 1048576K
}
Event: 3.510 GC heap before
{Heap before GC invocations=2 (full 0):
 garbage-first heap   total 229376K, used 212221K [0x0000000721200000, 0x0000000800000000)
  region size 2048K, 55 young (112640K), 1 survivors (2048K)
 Metaspace       used 17633K, committed 17920K, reserved 1114112K
  class space    used 2043K, committed 2176K, reserved 1048576K
}
Event: 3.523 GC heap after
{Heap after GC invocations=3 (full 0):
 garbage-first heap   total 229376K, used 14973K [0x0000000721200000, 0x0000000800000000)
  region size 2048K, 6 young (12288K), 6 survivors (12288K)
 Metaspace       used 17633K, committed 17920K, reserved 1114112K
  class space    used 2043K, committed 2176K, reserved 1048576K
}
Event: 3.559 GC heap before
{Heap before GC invocations=3 (full 0):
 garbage-first heap   total 229376K, used 115325K [0x0000000721200000, 0x0000000800000000)
  region size 2048K, 8 young (16384K), 6 survivors (12288K)
 Metaspace       used 17645K, committed 17984K, reserved 1114112K
  class space    used 2043K, committed 2176K, reserved 1048576K
}
Event: 3.568 GC heap after
{Heap after GC invocations=4 (full 0):
 garbage-first heap   total 229376K, used 14960K [0x0000000721200000, 0x0000000800000000)
  region size 2048K, 5 young (10240K), 5 survivors (10240K)
 Metaspace       used 17645K, committed 17984K, reserved 1114112K
  class space    used 2043K, committed 2176K, reserved 1048576K
}
Event: 3.586 GC heap before
{Heap before GC invocations=4 (full 0):
 garbage-first heap   total 229376K, used 100976K [0x0000000721200000, 0x0000000800000000)
  region size 2048K, 6 young (12288K), 5 survivors (10240K)
 Metaspace       used 17647K, committed 17984K, reserved 1114112K
  class space    used 2043K, committed 2176K, reserved 1048576K
}
Event: 3.593 GC heap after
{Heap after GC invocations=5 (full 0):
 garbage-first heap   total 229376K, used 34853K [0x0000000721200000, 0x0000000800000000)
  region size 2048K, 5 young (10240K), 5 survivors (10240K)
 Metaspace       used 17647K, committed 17984K, reserved 1114112K
  class space    used 2043K, committed 2176K, reserved 1048576K
}
Event: 3.607 GC heap before
{Heap before GC invocations=5 (full 0):
 garbage-first heap   total 229376K, used 100389K [0x0000000721200000, 0x0000000800000000)
  region size 2048K, 6 young (12288K), 5 survivors (10240K)
 Metaspace       used 17647K, committed 17984K, reserved 1114112K
  class space    used 2043K, committed 2176K, reserved 1048576K
}
Event: 3.615 GC heap after
{Heap after GC invocations=6 (full 0):
 garbage-first heap   total 229376K, used 35216K [0x0000000721200000, 0x0000000800000000)
  region size 2048K, 5 young (10240K), 5 survivors (10240K)
 Metaspace       used 17647K, committed 17984K, reserved 1114112K
  class space    used 2043K, committed 2176K, reserved 1048576K
}
Event: 3.631 GC heap before
{Heap before GC invocations=6 (full 0):
 garbage-first heap   total 229376K, used 100752K [0x0000000721200000, 0x0000000800000000)
  region size 2048K, 6 young (12288K), 5 survivors (10240K)
 Metaspace       used 17647K, committed 17984K, reserved 1114112K
  class space    used 2043K, committed 2176K, reserved 1048576K
}
Event: 3.639 GC heap after
{Heap after GC invocations=7 (full 0):
 garbage-first heap   total 229376K, used 35221K [0x0000000721200000, 0x0000000800000000)
  region size 2048K, 5 young (10240K), 5 survivors (10240K)
 Metaspace       used 17647K, committed 17984K, reserved 1114112K
  class space    used 2043K, committed 2176K, reserved 1048576K
}
Event: 4.196 GC heap before
{Heap before GC invocations=7 (full 0):
 garbage-first heap   total 229376K, used 113045K [0x0000000721200000, 0x0000000800000000)
  region size 2048K, 20 young (40960K), 5 survivors (10240K)
 Metaspace       used 21223K, committed 21504K, reserved 1114112K
  class space    used 2495K, committed 2624K, reserved 1048576K
}

Dll operation events (8 events):
Event: 0.006 Loaded shared library C:\Program Files\Amazon Corretto\jdk21.0.9_10\bin\java.dll
Event: 0.039 Loaded shared library C:\Program Files\Amazon Corretto\jdk21.0.9_10\bin\jsvml.dll
Event: 0.062 Loaded shared library C:\Program Files\Amazon Corretto\jdk21.0.9_10\bin\net.dll
Event: 0.064 Loaded shared library C:\Program Files\Amazon Corretto\jdk21.0.9_10\bin\nio.dll
Event: 0.068 Loaded shared library C:\Program Files\Amazon Corretto\jdk21.0.9_10\bin\zip.dll
Event: 0.195 Loaded shared library C:\Program Files\Amazon Corretto\jdk21.0.9_10\bin\jimage.dll
Event: 0.196 Loaded shared library C:\Users\Usuario\.vscode\extensions\oracle.oracle-java-23.0.0\nbcode\java\maven\lib\jansi-native\Windows\x86_64\jansi.dll
Event: 0.211 Loaded shared library C:\Program Files\Amazon Corretto\jdk21.0.9_10\bin\verify.dll

Deoptimization events (20 events):
Event: 4.120 Thread 0x00000270a7b09960 Uncommon trap: trap_request=0xffffff45 fr.pc=0x00000270b7f9586c relative=0x000000000000022c
Event: 4.120 Thread 0x00000270a7b09960 Uncommon trap: reason=unstable_if action=reinterpret pc=0x00000270b7f9586c method=java.util.Arrays.hashCode([B)I @ 8 c2
Event: 4.120 Thread 0x00000270a7b09960 DEOPT PACKING pc=0x00000270b7f9586c sp=0x000000ad5e1fc950
Event: 4.120 Thread 0x00000270a7b09960 DEOPT UNPACKING pc=0x00000270b77a4422 sp=0x000000ad5e1fc8e8 mode 2
Event: 4.129 Thread 0x00000270a7b09960 Uncommon trap: trap_request=0xffffff45 fr.pc=0x00000270b7f74aa0 relative=0x0000000000000e60
Event: 4.129 Thread 0x00000270a7b09960 Uncommon trap: reason=unstable_if action=reinterpret pc=0x00000270b7f74aa0 method=java.lang.String.<init>(Ljava/nio/charset/Charset;[BII)V @ 34 c2
Event: 4.129 Thread 0x00000270a7b09960 DEOPT PACKING pc=0x00000270b7f74aa0 sp=0x000000ad5e1fcb90
Event: 4.129 Thread 0x00000270a7b09960 DEOPT UNPACKING pc=0x00000270b77a4422 sp=0x000000ad5e1fcb68 mode 2
Event: 4.133 Thread 0x00000270a7b09960 Uncommon trap: trap_request=0xffffffde fr.pc=0x00000270b7f417a8 relative=0x0000000000000168
Event: 4.133 Thread 0x00000270a7b09960 Uncommon trap: reason=class_check action=maybe_recompile pc=0x00000270b7f417a8 method=java.util.stream.StreamOpFlag.fromCharacteristics(Ljava/util/Spliterator;)I @ 14 c2
Event: 4.133 Thread 0x00000270a7b09960 DEOPT PACKING pc=0x00000270b7f417a8 sp=0x000000ad5e1fd820
Event: 4.133 Thread 0x00000270a7b09960 DEOPT UNPACKING pc=0x00000270b77a4422 sp=0x000000ad5e1fd770 mode 2
Event: 4.137 Thread 0x00000270a7b09960 Uncommon trap: trap_request=0xffffff45 fr.pc=0x00000270b7f95c10 relative=0x00000000000000f0
Event: 4.137 Thread 0x00000270a7b09960 Uncommon trap: reason=unstable_if action=reinterpret pc=0x00000270b7f95c10 method=jdk.nio.zipfs.ZipConstants.pkSigAt([BIII)Z @ 5 c2
Event: 4.137 Thread 0x00000270a7b09960 DEOPT PACKING pc=0x00000270b7f95c10 sp=0x000000ad5e1fd760
Event: 4.137 Thread 0x00000270a7b09960 DEOPT UNPACKING pc=0x00000270b77a4422 sp=0x000000ad5e1fd708 mode 2
Event: 4.151 Thread 0x00000270a7b09960 Uncommon trap: trap_request=0xffffff76 fr.pc=0x00000270b7f98900 relative=0x00000000000001e0
Event: 4.152 Thread 0x00000270a7b09960 Uncommon trap: reason=predicate action=maybe_recompile pc=0x00000270b7f98900 method=java.util.LinkedHashMap.valuesToArray([Ljava/lang/Object;Z)[Ljava/lang/Object; @ 53 c2
Event: 4.152 Thread 0x00000270a7b09960 DEOPT PACKING pc=0x00000270b7f98900 sp=0x000000ad5e1fd7e0
Event: 4.152 Thread 0x00000270a7b09960 DEOPT UNPACKING pc=0x00000270b77a4422 sp=0x000000ad5e1fd790 mode 2

Classes loaded (20 events):
Event: 4.094 Loading class java/nio/file/attribute/FileOwnerAttributeView done
Event: 4.094 Loading class java/nio/file/attribute/AclFileAttributeView done
Event: 4.094 Loading class sun/nio/fs/AbstractAclFileAttributeView done
Event: 4.094 Loading class sun/nio/fs/WindowsAclFileAttributeView done
Event: 4.094 Loading class sun/nio/fs/WindowsSecurity
Event: 4.094 Loading class sun/nio/fs/WindowsSecurity done
Event: 4.097 Loading class java/nio/file/attribute/PosixFileAttributeView
Event: 4.097 Loading class java/nio/file/attribute/PosixFileAttributeView done
Event: 4.128 Loading class java/nio/file/Files$AcceptAllFilter
Event: 4.128 Loading class java/nio/file/Files$AcceptAllFilter done
Event: 4.128 Loading class java/nio/file/ClosedDirectoryStreamException
Event: 4.129 Loading class java/nio/file/ClosedDirectoryStreamException done
Event: 4.129 Loading class java/nio/file/DirectoryIteratorException
Event: 4.129 Loading class java/nio/file/DirectoryIteratorException done
Event: 4.133 Loading class java/util/TreeMap$KeySpliterator
Event: 4.133 Loading class java/util/TreeMap$TreeMapSpliterator
Event: 4.133 Loading class java/util/TreeMap$TreeMapSpliterator done
Event: 4.133 Loading class java/util/TreeMap$KeySpliterator done
Event: 4.164 Loading class java/util/regex/PatternSyntaxException
Event: 4.164 Loading class java/util/regex/PatternSyntaxException done

Classes unloaded (0 events):
No events

Classes redefined (0 events):
No events

Internal exceptions (20 events):
Event: 1.941 Thread 0x00000270a7b09960 Implicit null exception at 0x00000270b7d320a0 to 0x00000270b7d32700
Event: 1.973 Thread 0x00000270a7b09960 Exception <a 'java/lang/NoSuchMethodError'{0x000000072daf7860}: 'void java.lang.invoke.DirectMethodHandle$Holder.invokeSpecial(java.lang.Object, java.lang.Object, java.lang.Object, java.lang.Object, java.lang.Object)'> (0x000000072daf7860) 
thrown [s\src\hotspot\share\interpreter\linkResolver.cpp, line 773]
Event: 1.975 Thread 0x00000270a7b09960 Exception <a 'java/lang/NoSuchMethodError'{0x000000072db12208}: 'void java.lang.invoke.DirectMethodHandle$Holder.invokeSpecial(java.lang.Object, java.lang.Object, java.lang.Object, java.lang.Object, java.lang.Object, java.lang.Object)'> (0x000000072db12208) 
thrown [s\src\hotspot\share\interpreter\linkResolver.cpp, line 773]
Event: 1.989 Thread 0x00000270a7b09960 Exception <a 'java/lang/NoSuchMethodError'{0x000000072d8225c8}: 'java.lang.Object java.lang.invoke.DirectMethodHandle$Holder.invokeVirtual(java.lang.Object, java.lang.Object, java.lang.Object)'> (0x000000072d8225c8) 
thrown [s\src\hotspot\share\interpreter\linkResolver.cpp, line 773]
Event: 2.048 Thread 0x00000270a7b09960 Exception <a 'java/lang/NoSuchMethodError'{0x000000072d601838}: 'void java.lang.invoke.DirectMethodHandle$Holder.invokeVirtual(java.lang.Object, java.lang.Object, int)'> (0x000000072d601838) 
thrown [s\src\hotspot\share\interpreter\linkResolver.cpp, line 773]
Event: 2.049 Thread 0x00000270a7b09960 Exception <a 'java/lang/NoSuchMethodError'{0x000000072d605648}: 'void java.lang.invoke.DirectMethodHandle$Holder.invokeSpecial(java.lang.Object, java.lang.Object, java.lang.Object, int)'> (0x000000072d605648) 
thrown [s\src\hotspot\share\interpreter\linkResolver.cpp, line 773]
Event: 2.050 Thread 0x00000270a7b09960 Exception <a 'java/lang/NoSuchMethodError'{0x000000072d608d28}: 'void java.lang.invoke.DelegatingMethodHandle$Holder.reinvoke_L(java.lang.Object, java.lang.Object, int)'> (0x000000072d608d28) 
thrown [s\src\hotspot\share\interpreter\linkResolver.cpp, line 773]
Event: 2.465 Thread 0x00000270a7b09960 Implicit null exception at 0x00000270b7e6b652 to 0x00000270b7e6b938
Event: 2.465 Thread 0x00000270a7b09960 Implicit null exception at 0x00000270b7e43b4f to 0x00000270b7e44efc
Event: 2.465 Thread 0x00000270a7b09960 Implicit null exception at 0x00000270b7dc031b to 0x00000270b7dc0514
Event: 2.466 Thread 0x00000270a7b09960 Implicit null exception at 0x00000270b7e2af0d to 0x00000270b7e2b79c
Event: 3.080 Thread 0x00000270a7b09960 Implicit null exception at 0x00000270b7db0a3d to 0x00000270b7db0ac1
Event: 3.212 Thread 0x00000270a7b09960 Exception <a 'java/lang/NoSuchMethodError'{0x0000000729380e40}: 'java.lang.Object java.lang.invoke.DirectMethodHandle$Holder.newInvokeSpecial(java.lang.Object, java.lang.Object, java.lang.Object, java.lang.Object, java.lang.Object, java.lang.Object, java.lang.Object)'> (0x0000000729380e40) 
thrown [s\src\hotspot\share\interpreter\linkResolver.cpp, line 773]
Event: 3.380 Thread 0x00000270a7b09960 Exception <a 'java/lang/NoSuchMethodError'{0x00000007289385e0}: 'int java.lang.invoke.DirectMethodHandle$Holder.invokeVirtual(java.lang.Object, java.lang.Object)'> (0x00000007289385e0) 
thrown [s\src\hotspot\share\interpreter\linkResolver.cpp, line 773]
Event: 3.409 Thread 0x00000270a7b09960 Exception <a 'java/lang/NoSuchMethodError'{0x0000000728659dc0}: 'void java.lang.invoke.Invokers$Holder.invokeExact_MT(java.lang.Object, java.lang.Object, int, java.lang.Object)'> (0x0000000728659dc0) 
thrown [s\src\hotspot\share\interpreter\linkResolver.cpp, line 773]
Event: 4.008 Thread 0x00000270a7b09960 Exception <a 'java/lang/NoSuchMethodError'{0x000000072d9618c8}: 'int java.lang.invoke.DirectMethodHandle$Holder.invokeInterface(java.lang.Object, java.lang.Object)'> (0x000000072d9618c8) 
thrown [s\src\hotspot\share\interpreter\linkResolver.cpp, line 773]
Event: 4.085 Thread 0x00000270a7b09960 Exception <a 'java/lang/NoSuchMethodError'{0x000000072d5ff068}: 'int java.lang.invoke.DirectMethodHandle$Holder.invokeVirtual(java.lang.Object, java.lang.Object, java.lang.Object)'> (0x000000072d5ff068) 
thrown [s\src\hotspot\share\interpreter\linkResolver.cpp, line 773]
Event: 4.086 Thread 0x00000270a7b09960 Exception <a 'java/lang/NoSuchMethodError'{0x000000072d204e48}: 'void java.lang.invoke.DirectMethodHandle$Holder.invokeInterface(java.lang.Object, java.lang.Object, java.lang.Object)'> (0x000000072d204e48) 
thrown [s\src\hotspot\share\interpreter\linkResolver.cpp, line 773]
Event: 4.087 Thread 0x00000270a7b09960 Exception <a 'java/lang/NoSuchMethodError'{0x000000072d20f678}: 'int java.lang.invoke.DirectMethodHandle$Holder.invokeStaticInit(java.lang.Object, java.lang.Object, java.lang.Object)'> (0x000000072d20f678) 
thrown [s\src\hotspot\share\interpreter\linkResolver.cpp, line 773]
Event: 4.172 Thread 0x00000270a7b09960 Exception <a 'sun/nio/fs/WindowsException'{0x000000072cb3a1c8}> (0x000000072cb3a1c8) 
thrown [s\src\hotspot\share\prims\jni.cpp, line 520]

ZGC Phase Switch (0 events):
No events

VM Operations (20 events):
Event: 3.568 Executing VM operation: G1TryInitiateConcMark (G1 Humongous Allocation) done
Event: 3.586 Executing VM operation: G1TryInitiateConcMark (G1 Humongous Allocation)
Event: 3.593 Executing VM operation: G1TryInitiateConcMark (G1 Humongous Allocation) done
Event: 3.607 Executing VM operation: G1TryInitiateConcMark (G1 Humongous Allocation)
Event: 3.615 Executing VM operation: G1TryInitiateConcMark (G1 Humongous Allocation) done
Event: 3.631 Executing VM operation: G1TryInitiateConcMark (G1 Humongous Allocation)
Event: 3.639 Executing VM operation: G1TryInitiateConcMark (G1 Humongous Allocation) done
Event: 3.957 Executing VM operation: HandshakeAllThreads (Deoptimize)
Event: 3.957 Executing VM operation: HandshakeAllThreads (Deoptimize) done
Event: 4.006 Executing VM operation: HandshakeAllThreads (Deoptimize)
Event: 4.006 Executing VM operation: HandshakeAllThreads (Deoptimize) done
Event: 4.089 Executing VM operation: HandshakeAllThreads (Deoptimize)
Event: 4.089 Executing VM operation: HandshakeAllThreads (Deoptimize) done
Event: 4.091 Executing VM operation: HandshakeAllThreads (Deoptimize)
Event: 4.092 Executing VM operation: HandshakeAllThreads (Deoptimize) done
Event: 4.095 Executing VM operation: HandshakeAllThreads (Deoptimize)
Event: 4.096 Executing VM operation: HandshakeAllThreads (Deoptimize) done
Event: 4.097 Executing VM operation: HandshakeAllThreads (Deoptimize)
Event: 4.097 Executing VM operation: HandshakeAllThreads (Deoptimize) done
Event: 4.196 Executing VM operation: CollectForMetadataAllocation (Metadata GC Threshold)

Memory protections (0 events):
No events

Nmethod flushes (0 events):
No events

Events (19 events):
Event: 0.023 Thread 0x00000270a7b09960 Thread added: 0x00000270a7b09960
Event: 0.037 Thread 0x00000270a7b09960 Thread added: 0x00000270c6525020
Event: 0.038 Thread 0x00000270a7b09960 Thread added: 0x00000270c65260e0
Event: 0.038 Thread 0x00000270a7b09960 Thread added: 0x00000270c652b810
Event: 0.038 Thread 0x00000270a7b09960 Thread added: 0x00000270c652d650
Event: 0.038 Thread 0x00000270a7b09960 Thread added: 0x00000270c652e9f0
Event: 0.038 Thread 0x00000270a7b09960 Thread added: 0x00000270c652fd90
Event: 0.038 Thread 0x00000270a7b09960 Thread added: 0x00000270c6534960
Event: 0.038 Thread 0x00000270a7b09960 Thread added: 0x00000270c6535ef0
Event: 0.057 Thread 0x00000270a7b09960 Thread added: 0x00000270c6677d50
Event: 0.059 Thread 0x00000270a7b09960 Thread added: 0x00000270c667d7e0
Event: 0.162 Thread 0x00000270c6535ef0 Thread added: 0x00000270c698de80
Event: 0.193 Thread 0x00000270a7b09960 Thread added: 0x000002710c066240
Event: 0.202 Thread 0x000002710c066240 Thread exited: 0x000002710c066240
Event: 0.537 Thread 0x00000270c698de80 Thread exited: 0x00000270c698de80
Event: 0.619 Thread 0x00000270c6535ef0 Thread added: 0x000002710c2a6a60
Event: 0.632 Thread 0x00000270c6535ef0 Thread added: 0x000002710c3c7730
Event: 1.421 Thread 0x000002710c3c7730 Thread exited: 0x000002710c3c7730
Event: 2.089 Thread 0x00000270c6535ef0 Thread added: 0x000002710d1c5870


Dynamic libraries:
0x00007ff6ae230000 - 0x00007ff6ae23e000 	C:\Program Files\Amazon Corretto\jdk21.0.9_10\bin\java.exe
0x00007ff9fdbd0000 - 0x00007ff9fddc8000 	C:\Windows\SYSTEM32\ntdll.dll
0x00007ff9fc570000 - 0x00007ff9fc632000 	C:\Windows\System32\KERNEL32.DLL
0x00007ff9fb6b0000 - 0x00007ff9fb9a6000 	C:\Windows\System32\KERNELBASE.dll
0x00007ff9fb300000 - 0x00007ff9fb400000 	C:\Windows\System32\ucrtbase.dll
0x00007ff9f1190000 - 0x00007ff9f11ae000 	C:\Program Files\Amazon Corretto\jdk21.0.9_10\bin\VCRUNTIME140.dll
0x00007ff9f8da0000 - 0x00007ff9f8db8000 	C:\Program Files\Amazon Corretto\jdk21.0.9_10\bin\jli.dll
0x00007ff9fd940000 - 0x00007ff9fdae1000 	C:\Windows\System32\USER32.dll
0x00007ff9e84b0000 - 0x00007ff9e874b000 	C:\Windows\WinSxS\amd64_microsoft.windows.common-controls_6595b64144ccf1df_6.0.19041.6456_none_60b8a6cb71f64256\COMCTL32.dll
0x00007ff9fb560000 - 0x00007ff9fb582000 	C:\Windows\System32\win32u.dll
0x00007ff9fdaf0000 - 0x00007ff9fdb8e000 	C:\Windows\System32\msvcrt.dll
0x00007ff9fd910000 - 0x00007ff9fd93b000 	C:\Windows\System32\GDI32.dll
0x00007ff9fb590000 - 0x00007ff9fb6a9000 	C:\Windows\System32\gdi32full.dll
0x00007ff9fb260000 - 0x00007ff9fb2fd000 	C:\Windows\System32\msvcp_win.dll
0x00007ff9fbcd0000 - 0x00007ff9fbcff000 	C:\Windows\System32\IMM32.DLL
0x00007ff9f92c0000 - 0x00007ff9f92cc000 	C:\Program Files\Amazon Corretto\jdk21.0.9_10\bin\vcruntime140_1.dll
0x00007ff9d20b0000 - 0x00007ff9d2139000 	C:\Program Files\Amazon Corretto\jdk21.0.9_10\bin\msvcp140.dll
0x00007ff97d550000 - 0x00007ff97e2f7000 	C:\Program Files\Amazon Corretto\jdk21.0.9_10\bin\server\jvm.dll
0x00007ff9fc7d0000 - 0x00007ff9fc881000 	C:\Windows\System32\ADVAPI32.dll
0x00007ff9fd3e0000 - 0x00007ff9fd47f000 	C:\Windows\System32\sechost.dll
0x00007ff9fd2a0000 - 0x00007ff9fd3c0000 	C:\Windows\System32\RPCRT4.dll
0x00007ff9fbaf0000 - 0x00007ff9fbb17000 	C:\Windows\System32\bcrypt.dll
0x00007ff9fd170000 - 0x00007ff9fd1db000 	C:\Windows\System32\WS2_32.dll
0x00007ff9fb0c0000 - 0x00007ff9fb10b000 	C:\Windows\SYSTEM32\POWRPROF.dll
0x00007ff9f2cb0000 - 0x00007ff9f2cba000 	C:\Windows\SYSTEM32\VERSION.dll
0x00007ff9f23e0000 - 0x00007ff9f2407000 	C:\Windows\SYSTEM32\WINMM.dll
0x00007ff9fb0a0000 - 0x00007ff9fb0b2000 	C:\Windows\SYSTEM32\UMPDC.dll
0x00007ff9f92d0000 - 0x00007ff9f92e2000 	C:\Windows\SYSTEM32\kernel.appcore.dll
0x00007ff9f8d80000 - 0x00007ff9f8d8a000 	C:\Program Files\Amazon Corretto\jdk21.0.9_10\bin\jimage.dll
0x00007ff9f8de0000 - 0x00007ff9f8fe1000 	C:\Windows\SYSTEM32\DBGHELP.DLL
0x00007ff9e2da0000 - 0x00007ff9e2dd4000 	C:\Windows\SYSTEM32\dbgcore.DLL
0x00007ff9fba60000 - 0x00007ff9fbae2000 	C:\Windows\System32\bcryptPrimitives.dll
0x00007ff9d3900000 - 0x00007ff9d3921000 	C:\Program Files\Amazon Corretto\jdk21.0.9_10\bin\java.dll
0x00007ff9fc950000 - 0x00007ff9fd0c0000 	C:\Windows\System32\SHELL32.dll
0x00007ff9f92f0000 - 0x00007ff9f9a95000 	C:\Windows\SYSTEM32\windows.storage.dll
0x00007ff9fd480000 - 0x00007ff9fd7d4000 	C:\Windows\System32\combase.dll
0x00007ff9fabb0000 - 0x00007ff9fabdb000 	C:\Windows\SYSTEM32\Wldp.dll
0x00007ff9fbd00000 - 0x00007ff9fbdcd000 	C:\Windows\System32\OLEAUT32.dll
0x00007ff9fd0c0000 - 0x00007ff9fd16d000 	C:\Windows\System32\SHCORE.dll
0x00007ff9fc8f0000 - 0x00007ff9fc94b000 	C:\Windows\System32\shlwapi.dll
0x00007ff9fb190000 - 0x00007ff9fb1b4000 	C:\Windows\SYSTEM32\profapi.dll
0x00007ff9d35d0000 - 0x00007ff9d36a7000 	C:\Program Files\Amazon Corretto\jdk21.0.9_10\bin\jsvml.dll
0x00007ff9f1170000 - 0x00007ff9f1181000 	C:\Program Files\Amazon Corretto\jdk21.0.9_10\bin\net.dll
0x00007ff9f4bd0000 - 0x00007ff9f4cda000 	C:\Windows\SYSTEM32\WINHTTP.dll
0x00007ff9fa910000 - 0x00007ff9fa97a000 	C:\Windows\system32\mswsock.dll
0x00007ff9f1020000 - 0x00007ff9f1036000 	C:\Program Files\Amazon Corretto\jdk21.0.9_10\bin\nio.dll
0x00007ff9f0ea0000 - 0x00007ff9f0eb8000 	C:\Program Files\Amazon Corretto\jdk21.0.9_10\bin\zip.dll
0x00007ff9e2930000 - 0x00007ff9e2954000 	C:\Users\Usuario\.vscode\extensions\oracle.oracle-java-23.0.0\nbcode\java\maven\lib\jansi-native\Windows\x86_64\jansi.dll
0x00007ff9f28a0000 - 0x00007ff9f28b0000 	C:\Program Files\Amazon Corretto\jdk21.0.9_10\bin\verify.dll

JVMTI agents: none

dbghelp: loaded successfully - version: 4.0.5 - missing functions: none
symbol engine: initialized successfully - sym options: 0x614 - pdb path: .;C:\Program Files\Amazon Corretto\jdk21.0.9_10\bin;C:\Windows\SYSTEM32;C:\Windows\WinSxS\amd64_microsoft.windows.common-controls_6595b64144ccf1df_6.0.19041.6456_none_60b8a6cb71f64256;C:\Program Files\Amazon Corretto\jdk21.0.9_10\bin\server;C:\Users\Usuario\.vscode\extensions\oracle.oracle-java-23.0.0\nbcode\java\maven\lib\jansi-native\Windows\x86_64

VM Arguments:
jvm_args: -Dclassworlds.conf=C:\Users\Usuario\.vscode\extensions\oracle.oracle-java-23.0.0\nbcode\java\maven\bin\m2.conf -Dmaven.home=C:\Users\Usuario\.vscode\extensions\oracle.oracle-java-23.0.0\nbcode\java\maven -Dlibrary.jansi.path=C:\Users\Usuario\.vscode\extensions\oracle.oracle-java-23.0.0\nbcode\java\maven\lib\jansi-native -Dmaven.multiModuleProjectDirectory=C:\Users\Usuario\Desktop\Umarket-APi-main 
java_command: org.codehaus.plexus.classworlds.launcher.Launcher -Dexec.vmArgs=-agentlib:jdwp=transport=dt_socket,server=n,address=65309 -Dfile.encoding=UTF-8 -Dexec.args=${exec.vmArgs} -classpath %classpath ${exec.mainClass} ${exec.appArgs} -Dexec.appArgs= -Dexec.mainClass=io.umarket.UmarketApplication -Dexec.executable=C:\Program Files\Amazon Corretto\jdk21.0.9_10\bin\java.exe -Djpda.listen=true -DskipTests=true -Djpda.address=65309 -Dmaven.ext.class.path=C:\Users\Usuario\.vscode\extensions\oracle.oracle-java-23.0.0\nbcode\java\maven-nblib\netbeans-eventspy.jar --no-transfer-progress process-classes org.codehaus.mojo:exec-maven-plugin:3.1.0:exec
java_class_path (initial): C:\Users\Usuario\.vscode\extensions\oracle.oracle-java-23.0.0\nbcode\java\maven\boot\plexus-classworlds-2.8.0.jar
Launcher Type: SUN_STANDARD

[Global flags]
     intx CICompilerCount                          = 4                                         {product} {ergonomic}
     uint ConcGCThreads                            = 2                                         {product} {ergonomic}
     uint G1ConcRefinementThreads                  = 8                                         {product} {ergonomic}
   size_t G1HeapRegionSize                         = 2097152                                   {product} {ergonomic}
    uintx GCDrainStackTargetSize                   = 64                                        {product} {ergonomic}
   size_t InitialHeapSize                          = 234881024                                 {product} {ergonomic}
   size_t MarkStackSize                            = 4194304                                   {product} {ergonomic}
   size_t MaxHeapSize                              = 3739222016                                {product} {ergonomic}
   size_t MaxNewSize                               = 2241855488                                {product} {ergonomic}
   size_t MinHeapDeltaBytes                        = 2097152                                   {product} {ergonomic}
   size_t MinHeapSize                              = 8388608                                   {product} {ergonomic}
    uintx NonNMethodCodeHeapSize                   = 5839372                                {pd product} {ergonomic}
    uintx NonProfiledCodeHeapSize                  = 122909434                              {pd product} {ergonomic}
    uintx ProfiledCodeHeapSize                     = 122909434                              {pd product} {ergonomic}
    uintx ReservedCodeCacheSize                    = 251658240                              {pd product} {ergonomic}
     bool SegmentedCodeCache                       = true                                      {product} {ergonomic}
   size_t SoftMaxHeapSize                          = 3739222016                             {manageable} {ergonomic}
     bool UseCompressedOops                        = true                           {product lp64_product} {ergonomic}
     bool UseG1GC                                  = true                                      {product} {ergonomic}
     bool UseLargePagesIndividualAllocation        = false                                  {pd product} {ergonomic}

Logging:
Log output configuration:
 #0: stdout all=warning uptime,level,tags foldmultilines=false
 #1: stderr all=off uptime,level,tags foldmultilines=false

Release file:
IMPLEMENTOR="Amazon.com Inc." 
IMPLEMENTOR_VERSION="Corretto-21.0.9.10.1" 
JAVA_RUNTIME_VERSION="21.0.9+10-LTS" 
JAVA_VERSION="21.0.9" 
JAVA_VERSION_DATE="2025-10-21" 
LIBC="default" 
MODULES="java.base java.compiler java.datatransfer java.xml java.prefs java.desktop java.instrument java.logging java.management java.security.sasl java.naming java.rmi java.management.rmi java.net.http java.scripting java.security.jgss java.transaction.xa java.sql java.sql.rowset java.xml.crypto java.se java.smartcardio jdk.accessibility jdk.internal.jvmstat jdk.attach jdk.charsets jdk.internal.opt jdk.zipfs jdk.compiler jdk.crypto.ec jdk.crypto.cryptoki jdk.crypto.mscapi jdk.dynalink jdk.internal.ed jdk.editpad jdk.hotspot.agent jdk.httpserver jdk.incubator.vector jdk.internal.le jdk.internal.vm.ci jdk.internal.vm.compiler jdk.internal.vm.compiler.management jdk.jartool jdk.javadoc jdk.jcmd jdk.management jdk.management.agent jdk.jconsole jdk.jdeps jdk.jdwp.agent jdk.jdi jdk.jfr jdk.jlink jdk.jpackage jdk.jshell jdk.jsobject jdk.jstatd jdk.localedata jdk.management.jfr jdk.naming.dns jdk.naming.rmi jdk.net jdk.nio.mapmode jdk.random jdk.sctp jdk.security.auth jdk.security.jgss jdk.unsupported jdk.unsupported.desktop jdk.xml.dom" 
OS_ARCH="x86_64" 
OS_NAME="Windows" 
SOURCE="" 

Environment Variables:
JAVA_HOME=C:\Program Files\Amazon Corretto\jdk21.0.9_10
PATH=C:\Program Files\Amazon Corretto\jdk21.0.9_10\bin;C:\Program Files\Eclipse Adoptium\jdk-21.0.9.10-hotspot\bin;C:\Program Files\Amazon Corretto\jdk11.0.29_7\bin;C:\Program Files\Amazon Corretto\jdk17.0.17_10\bin;C:\Program Files\Eclipse Adoptium\jdk-17.0.17.10-hotspot\bin;C:\Program Files\Amazon Corretto\jdk1.8.0_472\bin;C:\Program Files (x86)\Amazon Corretto\jdk1.8.0_472\bin;C:\Program Files (x86)\Eclipse Adoptium\jdk-8.0.462.8-hotspot\bin;C:\Program Files\Eclipse Adoptium\jdk-8.0.472.8-hotspot\bin;C:\Program Files\Amazon Corretto\jre8\bin;C:\Program Files (x86)\Amazon Corretto\jre8\bin;C:\Program Files\Eclipse Adoptium\jre-21.0.9.10-hotspot\bin;C:\Program Files\Eclipse Adoptium\jre-8.0.472.8-hotspot\bin;C:\Program Files\Eclipse Adoptium\jre-17.0.17.10-hotspot\bin;C:\Program Files\Eclipse Adoptium\jre-11.0.29.7-hotspot\bin;C:\Program Files (x86)\Eclipse Adoptium\jre-8.0.462.8-hotspot\bin;C:\Windows\system32;C:\Windows;C:\Windows\System32\Wbem;C:\Windows\System32\WindowsPowerShell\v1.0\;C:\Windows\System32\OpenSSH\;C:\Program Files\dotnet\;C:\Program Files\Microsoft VS Code\bin;C:\Program Files\MongoDB\Server\8.2\bin;C:\Program Files\MongoDB\Tools\100\bin;C:\Program Files\Amazon Corretto\jdk21.0.9_10\bin;C:\Program Files\Apache\Maven\apache-maven-3.9.11-bin\apache-maven-3.9.11\bin;C:\Users\Usuario\AppData\Local\Microsoft\WindowsApps;;C:\Program Files\JetBrains\IntelliJ IDEA 2024.3\bin;;C:\Users\Usuario\AppData\Local\Programs\mongosh\
USERNAME=Usuario
OS=Windows_NT
PROCESSOR_IDENTIFIER=AMD64 Family 23 Model 17 Stepping 0, AuthenticAMD
TMP=C:\Users\Usuario\AppData\Local\Temp
TEMP=C:\Users\Usuario\AppData\Local\Temp




Periodic native trim disabled

---------------  S Y S T E M  ---------------

OS:
 Windows 10 , 64 bit Build 19041 (10.0.19041.5915)
OS uptime: 2 days 6:37 hours

CPU: total 8 (initial active 8) (8 cores per cpu, 2 threads per core) family 23 model 17 stepping 0 microcode 0x0, cx8, cmov, fxsr, ht, mmx, 3dnowpref, sse, sse2, sse3, ssse3, sse4a, sse4.1, sse4.2, popcnt, lzcnt, tsc, tscinvbit, avx, avx2, aes, clmul, bmi1, bmi2, adx, sha, fma, vzeroupper, clflush, clflushopt, rdtscp, f16c
Processor Information for the first 8 processors :
  Max Mhz: 3600, Current Mhz: 3600, Mhz Limit: 3600

Memory: 4k page, system-wide physical 14258M (4146M free)
TotalPageFile size 29387M (AvailPageFile size 299M)
current process WorkingSet (physical memory assigned to process): 326M, peak: 326M
current process commit charge ("private bytes"): 375M, peak: 823M

vm_info: OpenJDK 64-Bit Server VM (21.0.9+10-LTS) for windows-amd64 JRE (21.0.9+10-LTS), built on 2025-10-16T09:41:28Z by "Administrator" with unknown MS VC++:1944

END.
